[debug] ----------------------------------------------------------------------
[debug] Command:      /usr/local/Cellar/node/7.0.0/bin/node /Users/Oscar/Documents/get-coding-curricula/node_modules/.bin/firebase deploy
[debug] CLI Version:  3.2.1
[debug] Platform:     darwin
[debug] Node Version: v7.0.0
[debug] Time:         Fri Sep 22 2017 05:48:38 GMT-0700 (PDT)
[debug] ----------------------------------------------------------------------
[debug] 
[debug] > command requires scopes: ["email","openid","https://www.googleapis.com/auth/cloudplatformprojects.readonly","https://www.googleapis.com/auth/firebase"]
[debug] > refreshing access token with scopes: ["email","https://www.googleapis.com/auth/cloudplatformprojects.readonly","https://www.googleapis.com/auth/firebase","openid"]
[debug] >>> HTTP REQUEST POST https://www.googleapis.com/oauth2/v3/token
[debug] <<< HTTP RESPONSE 200
[debug] >>> HTTP REQUEST GET https://admin.firebase.com/v1/projects/teach-get-coding 
[debug] <<< HTTP RESPONSE 200
[debug] >>> HTTP REQUEST GET https://admin.firebase.com/v1/database/teach-get-coding/tokens 
[debug] <<< HTTP RESPONSE 200
[info] 
[info] === Deploying to 'teach-get-coding'...
[info] 
[info] i  deploying database, hosting
[info] ✔  database: rules ready to deploy.
[info] i  hosting: preparing public directory for upload...
[debug] >>> HTTP REQUEST PUT https://deploy.firebase.com/v1/hosting/teach-get-coding/uploads/-KudcVLy-K7DB4CNTyue?fileCount=1682&message= 
[debug] <<< HTTP RESPONSE 409
[debug] <<< HTTP RESPONSE BODY undefined
[debug] TypeError: Cannot read property 'error' of undefined
    at module.exports (/Users/Oscar/Documents/get-coding-curricula/node_modules/firebase-tools/lib/responseToError.js:10:12)
    at Request._callback (/Users/Oscar/Documents/get-coding-curricula/node_modules/firebase-tools/lib/api.js:37:25)
    at Request.self.callback (/Users/Oscar/Documents/get-coding-curricula/node_modules/request/request.js:186:22)
    at emitTwo (events.js:106:13)
    at Request.emit (events.js:191:7)
    at Request.<anonymous> (/Users/Oscar/Documents/get-coding-curricula/node_modules/request/request.js:1081:10)
    at emitOne (events.js:96:13)
    at Request.emit (events.js:188:7)
    at IncomingMessage.<anonymous> (/Users/Oscar/Documents/get-coding-curricula/node_modules/request/request.js:1001:12)
    at IncomingMessage.g (events.js:291:16)
[error] 
[error] Error: An unexpected error has occurred.
