0 info it worked if it ends with ok
1 verbose cli [ '/usr/local/Cellar/node/7.0.0/bin/node',
1 verbose cli   '/Users/Oscar/Documents/get-coding-curricula/node_modules/.bin/npm',
1 verbose cli   'version',
1 verbose cli   'patch' ]
2 info using npm@3.7.5
3 info using node@v7.0.0
4 info git [ 'status', '--porcelain' ]
5 info lifecycle get-coding-curricula@0.1.196~preversion: get-coding-curricula@0.1.196
6 silly lifecycle get-coding-curricula@0.1.196~preversion: no script for preversion, continuing
7 verbose version.write data { name: 'get-coding-curricula',
7 verbose version.write   version: '0.1.196',
7 verbose version.write   description: 'get coding curricula',
7 verbose version.write   main: 'index.js',
7 verbose version.write   scripts:
7 verbose version.write    { start: 'gitbook serve',
7 verbose version.write      test: 'echo "Error: no test specified" && exit 1',
7 verbose version.write      release: 'make workbooks; gitbook build . public; firebase deploy; git add .; git commit -am \'new release\'; npm version patch;',
7 verbose version.write      postversion: 'git push && git push --tags' },
7 verbose version.write   repository:
7 verbose version.write    { type: 'git',
7 verbose version.write      url: 'git+https://danleavitt0@github.com/9dots/get-coding-curricula.git' },
7 verbose version.write   author: '',
7 verbose version.write   license: 'ISC',
7 verbose version.write   bugs: { url: 'https://github.com/9dots/get-coding-curricula/issues' },
7 verbose version.write   homepage: 'https://github.com/9dots/get-coding-curricula#readme',
7 verbose version.write   dependencies:
7 verbose version.write    { 'gitbook-plugin-9dots-style': '^0.1.5',
7 verbose version.write      'gitbook-plugin-collapsible-menu': '^1.0.2',
7 verbose version.write      'gitbook-plugin-highlight': '^2.0.2',
7 verbose version.write      'gitbook-plugin-lunr': '^1.2.0',
7 verbose version.write      'gitbook-plugin-markedx': '0.1.17',
7 verbose version.write      'gitbook-plugin-mdx-components': '^0.1.8',
7 verbose version.write      'gitbook-plugin-prism': '^1.1.0',
7 verbose version.write      'gitbook-plugin-tasklist': '^0.5.12',
7 verbose version.write      'gitbook-plugin-toggle-chapters': '^0.0.3' },
7 verbose version.write   devDependencies: { 'firebase-tools': '^3.2.0', 'gitbook-cli': '^2.3.0' } } to package.json
8 info lifecycle get-coding-curricula@0.1.196~version: get-coding-curricula@0.1.196
9 silly lifecycle get-coding-curricula@0.1.196~version: no script for version, continuing
10 info git [ 'add',
10 info git   '/Users/Oscar/Documents/get-coding-curricula/package.json' ]
11 verbose stack Error: Command failed: git add /Users/Oscar/Documents/get-coding-curricula/package.json
11 verbose stack fatal: Unable to create '/Users/Oscar/documents/get-coding-curricula/.git/index.lock': File exists.
11 verbose stack
11 verbose stack Another git process seems to be running in this repository, e.g.
11 verbose stack an editor opened by 'git commit'. Please make sure all processes
11 verbose stack are terminated then try again. If it still fails, a git process
11 verbose stack may have crashed in this repository earlier:
11 verbose stack remove the file manually to continue.
11 verbose stack
11 verbose stack     at ChildProcess.exithandler (child_process.js:211:12)
11 verbose stack     at emitTwo (events.js:106:13)
11 verbose stack     at ChildProcess.emit (events.js:191:7)
11 verbose stack     at maybeClose (internal/child_process.js:877:16)
11 verbose stack     at Socket.<anonymous> (internal/child_process.js:334:11)
11 verbose stack     at emitOne (events.js:96:13)
11 verbose stack     at Socket.emit (events.js:188:7)
11 verbose stack     at Pipe._handle.close [as _onclose] (net.js:501:12)
12 verbose cwd /Users/Oscar/Documents/get-coding-curricula
13 error Darwin 16.7.0
14 error argv "/usr/local/Cellar/node/7.0.0/bin/node" "/Users/Oscar/Documents/get-coding-curricula/node_modules/.bin/npm" "version" "patch"
15 error node v7.0.0
16 error npm  v3.7.5
17 error code 128
18 error Command failed: git add /Users/Oscar/Documents/get-coding-curricula/package.json
18 error fatal: Unable to create '/Users/Oscar/documents/get-coding-curricula/.git/index.lock': File exists.
18 error
18 error Another git process seems to be running in this repository, e.g.
18 error an editor opened by 'git commit'. Please make sure all processes
18 error are terminated then try again. If it still fails, a git process
18 error may have crashed in this repository earlier:
18 error remove the file manually to continue.
19 error If you need help, you may report this error at:
19 error     <https://github.com/npm/npm/issues>
20 verbose exit [ 1, true ]
